<?xml version="1.0" encoding="UTF-8"?>
<testng-results ignored="0" total="1" passed="1" failed="0" skipped="0">
  <reporter-output>
  </reporter-output>
  <suite started-at="2023-04-06T22:22:07 CST" name="Surefire suite" finished-at="2023-04-06T22:22:09 CST" duration-ms="2135">
    <groups>
    </groups>
    <test started-at="2023-04-06T22:22:07 CST" name="Surefire test" finished-at="2023-04-06T22:22:09 CST" duration-ms="2135">
      <class name="tpi135_2023.ingenieria.occ.ues.edu.sv.Delivery.control.AbstractDataAccessTest">
        <test-method signature="testcrear()" started-at="2023-04-06T22:22:07 CST" name="testcrear" finished-at="2023-04-06T22:22:09 CST" duration-ms="1989" status="PASS">
          <reporter-output>
          </reporter-output>
        </test-method> <!-- testcrear -->
      </class> <!-- tpi135_2023.ingenieria.occ.ues.edu.sv.Delivery.control.AbstractDataAccessTest -->
    </test> <!-- Surefire test -->
  </suite> <!-- Surefire suite -->
</testng-results>
