<?xml version="1.0" encoding="UTF-8"?>
<testsuite xmlns:xsi="http://www.w3.org/2001/XMLSchema-instance" xsi:noNamespaceSchemaLocation="https://maven.apache.org/surefire/maven-surefire-plugin/xsd/surefire-test-report.xsd" name="TestSuite" time="4.215" tests="3" errors="0" skipped="0" failures="0">
  <properties>
[...]
</properties>
  <testcase name="testcrear on testcrear(tpi135_2023.ingenieria.occ.ues.edu.sv.Delivery.control.ComercioBeanTest)" classname="tpi135_2023.ingenieria.occ.ues.edu.sv.Delivery.control.ComercioBeanTest" time="2.291"/>
  <testcase name="testcrear on testcrear(tpi135_2023.ingenieria.occ.ues.edu.sv.Delivery.control.AbstractDataAccessTest)" classname="tpi135_2023.ingenieria.occ.ues.edu.sv.Delivery.control.AbstractDataAccessTest" time="0.003"/>
  <testcase name="testFindByid on testFindByid(tpi135_2023.ingenieria.occ.ues.edu.sv.Delivery.control.AbstractDataAccessTest)" classname="tpi135_2023.ingenieria.occ.ues.edu.sv.Delivery.control.AbstractDataAccessTest" time="0.399"/>
</testsuite>