<?xml version="1.0" encoding="UTF-8"?>
<!-- Generated by org.testng.reporters.JUnitXMLReporter -->
<testsuite hostname="LAPTOP-66QOD51T" failures="0" tests="2" name="Surefire test" time="2.004" errors="0" timestamp="7 Apr 2023 05:37:31 GMT">
  <testcase classname="tpi135_2023.ingenieria.occ.ues.edu.sv.Delivery.control.AbstractDataAccessTest" name="testcrear on testcrear(tpi135_2023.ingenieria.occ.ues.edu.sv.Delivery.control.AbstractDataAccessTest)" time="1.71"/>
  <testcase classname="tpi135_2023.ingenieria.occ.ues.edu.sv.Delivery.control.AbstractDataAccessTest" name="testFindByid on testFindByid(tpi135_2023.ingenieria.occ.ues.edu.sv.Delivery.control.AbstractDataAccessTest)" time="0.202"/>
</testsuite> <!-- Surefire test -->
